<?xml version="1.0" encoding="UTF-8"?>
<testsuite xmlns:xsi="http://www.w3.org/2001/XMLSchema-instance" xsi:noNamespaceSchemaLocation="https://maven.apache.org/surefire/maven-surefire-plugin/xsd/surefire-test-report-3.0.xsd" version="3.0" name="com.example.demo.service.DBLoggerServiceTest" time="0.293" tests="1" errors="0" skipped="0" failures="0">
  <properties>
[...]
</properties>
  <testcase name="testLoggingToDB" classname="com.example.demo.service.DBLoggerServiceTest" time="0.245">
    <system-out><![CDATA[2024-07-05T12:46:43.827+01:00  INFO 12309 --- [demo] [           main] t.c.s.AnnotationConfigContextLoaderUtils : Could not detect default configuration classes for test class [com.example.demo.service.DBLoggerServiceTest]: DBLoggerServiceTest does not declare any static, non-private, non-final, nested classes annotated with @Configuration.
2024-07-05T12:46:43.844+01:00  INFO 12309 --- [demo] [           main] .b.t.c.SpringBootTestContextBootstrapper : Found @SpringBootConfiguration com.example.demo.DemoApplication for test class com.example.demo.service.DBLoggerServiceTest
]]></system-out>
  </testcase>
</testsuite>